# Host inventory
2026-06-23T09:37:18-07:00
## uname
Linux car 5.15.148-tegra #1 SMP PREEMPT Thu Sep 18 15:08:33 PDT 2025 aarch64 aarch64 aarch64 GNU/Linux
## os-release
PRETTY_NAME="Ubuntu 22.04.5 LTS"
NAME="Ubuntu"
VERSION_ID="22.04"
VERSION="22.04.5 LTS (Jammy Jellyfish)"
VERSION_CODENAME=jammy
ID=ubuntu
ID_LIKE=debian
HOME_URL="https://www.ubuntu.com/"
SUPPORT_URL="https://help.ubuntu.com/"
BUG_REPORT_URL="https://bugs.launchpad.net/ubuntu/"
PRIVACY_POLICY_URL="https://www.ubuntu.com/legal/terms-and-policies/privacy-policy"
UBUNTU_CODENAME=jammy
## nv_tegra
# R36 (release), REVISION: 4.7, GCID: 42132812, BOARD: generic, EABI: aarch64, DATE: Thu Sep 18 22:54:44 UTC 2025
# KERNEL_VARIANT: oot
TARGET_USERSPACE_LIB_DIR=nvidia
TARGET_USERSPACE_LIB_DIR_PATH=usr/lib/aarch64-linux-gnu/nvidia
## docker
Docker version 29.3.0, build 5927d80
Client: Docker Engine - Community
 Version:    29.3.0
 Context:    default
 Debug Mode: false
 Plugins:
  buildx: Docker Buildx (Docker Inc.)
    Version:  v0.31.1
    Path:     /usr/libexec/docker/cli-plugins/docker-buildx
  compose: Docker Compose (Docker Inc.)
    Version:  v5.1.0
    Path:     /usr/libexec/docker/cli-plugins/docker-compose

Server:
 Containers: 0
  Running: 0
  Paused: 0
  Stopped: 0
 Images: 2
 Server Version: 29.3.0
 Storage Driver: overlayfs
  driver-type: io.containerd.snapshotter.v1
 Logging Driver: json-file
 Cgroup Driver: systemd
 Cgroup Version: 2
 Plugins:
  Volume: local
  Network: bridge host ipvlan macvlan null overlay
  Log: awslogs fluentd gcplogs gelf journald json-file local splunk syslog
 CDI spec directories:
  /etc/cdi
  /var/run/cdi
 Discovered Devices:
  cdi: nvidia.com/pva=0
  cdi: nvidia.com/pva=all
 Swarm: inactive
 Runtimes: io.containerd.runc.v2 nvidia runc
 Default Runtime: runc
 Init Binary: docker-init
 containerd version: dea7da592f5d1d2b7755e3a161be07f43fad8f75
 runc version: v1.3.4-0-gd6d73eb8
 init version: de40ad0
 Security Options:
  seccomp
   Profile: builtin
  cgroupns
 Kernel Version: 5.15.148-tegra
 Operating System: Ubuntu 22.04.5 LTS
 OSType: linux
 Architecture: aarch64
 CPUs: 12
 Total Memory: 61.37GiB
 Name: car
 ID: e0719bee-eeb8-4fb7-85e0-a0e5d9da94f9
 Docker Root Dir: /var/lib/docker
 Debug Mode: false
 Experimental: false
 Insecure Registries:
  127.0.0.0/8
  ::1/128
 Live Restore Enabled: false
 Firewall Backend: iptables

## ros
humble
## gazebo
Gazebo Sim, version 8.10.0
Copyright (C) 2018 Open Source Robotics Foundation.
Released under the Apache 2.0 License.

## existing px4
== /mnt/nvme/px4_work/PX4-Autopilot ==
v1.15.0
  NO mc_raptor (expected)
## docker hello-world

Hello from Docker!
This message shows that your installation appears to be working correctly.

To generate this message, Docker took the following steps:
 1. The Docker client contacted the Docker daemon.
 2. The Docker daemon pulled the "hello-world" image from the Docker Hub.
    (arm64v8)
 3. The Docker daemon created a new container from that image which runs the
    executable that produces the output you are currently reading.
 4. The Docker daemon streamed that output to the Docker client, which sent it
    to your terminal.

To try something more ambitious, you can run an Ubuntu container with:
 $ docker run -it ubuntu bash

Share images, automate workflows, and more with a free Docker ID:
 https://hub.docker.com/

For more examples and ideas, visit:
 https://docs.docker.com/get-started/

