ULOG=docs/m0_run.ulg
START_TIMESTAMP_US=268000
DATASETS=91
TOPIC_raptor_status=present
TOPIC_raptor_input=present
TOPIC_trajectory_setpoint=present
TOPIC_vehicle_local_position=present
TOPIC_vehicle_angular_velocity=present
TOPIC_vehicle_attitude=present
TOPIC_vehicle_status=present
TOPIC_actuator_motors=present
VEHICLE_STATUS_NAV_STATES=4,17,23
RAPTOR_NAV_STATE_23_FIRST_US=42228000
RAPTOR_NAV_STATE_23_FIRST_S=41.960
ACTUATOR_MOTORS_TOTAL_NAN_COUNT=144832
ACTUATOR_MOTORS_ACTIVE_0_3_NAN_COUNT=0
ACTUATOR_MOTORS_UNUSED_NAN_COUNT=144832
ARMING_STATES_AFTER_RAPTOR=2
DISARMED_AFTER_RAPTOR=false
LOCAL_POSITION_AFTER_RAPTOR_X_LAST=-0.247
LOCAL_POSITION_AFTER_RAPTOR_Y_LAST=0.309
LOCAL_POSITION_AFTER_RAPTOR_Z_MIN=-2.765
LOCAL_POSITION_AFTER_RAPTOR_Z_MAX=-2.351
ANGULAR_VELOCITY_AFTER_RAPTOR_MAX_ABS_RAD_S=0.343
ATTITUDE_QUATERNION_AFTER_RAPTOR_FINITE=true
