# PX4 RAPTOR SITL build
2026-06-23T18:06:24+00:00
PX4_DIR=/workspace/external/PX4-Autopilot
3042f906abaab7ab59ae838ad5a530a9ef3df9a6
cmake version 3.28.3

CMake suite maintained and supported by Kitware (kitware.com/cmake).
1.11.1
Gazebo Sim, version 8.14.0
Copyright (C) 2018 Open Source Robotics Foundation.
Released under the Apache 2.0 License.

ninja: no work to do.
gz_x500: phony
gz_x500_aruco: phony
gz_x500_baylands: phony
gz_x500_depth: phony
gz_x500_depth_aruco: phony
gz_x500_depth_baylands: phony
gz_x500_depth_forest: phony
gz_x500_depth_frictionless: phony
gz_x500_depth_kth_marinarium: phony
gz_x500_depth_kthspacelab: phony
gz_x500_depth_lawn: phony
gz_x500_depth_moving_platform: phony
gz_x500_depth_ridge: phony
gz_x500_depth_rover: phony
gz_x500_depth_underwater: phony
gz_x500_depth_walls: phony
gz_x500_depth_windy: phony
gz_x500_flow: phony
gz_x500_flow_aruco: phony
gz_x500_flow_baylands: phony
