# PX4 RAPTOR + SIH SITL build
2026-06-25T06:36:21+00:00
PX4_DIR=/workspace/external/PX4-Autopilot
PX4_SHA=3042f906abaab7ab59ae838ad5a530a9ef3df9a6
Installed /workspace/external/PX4-Autopilot/boards/px4/sitl/raptor_sih.px4board
Installed SIH X500 v2 airframe into /workspace/external/PX4-Autopilot
M2b state shim already installed in /workspace/external/PX4-Autopilot
[0/1] Re-running CMake...
-- PX4_GIT_TAG: v1.18.0-alpha1-374-g3042f906ab
-- PX4 config file: /workspace/external/PX4-Autopilot/boards/px4/sitl/raptor_sih.px4board
-- PLATFORM posix
-- ROMFSROOT px4fmu_common
-- TESTING y
-- ETHERNET y
-- ROOT_PATH .
-- PARAM_FILE /fs/mtd_params
-- PX4 config: px4_sitl_raptor_sih
-- PX4 platform: posix
-- PX4 lockstep: enabled
-- cmake build type: RelWithDebInfo
-- ccache enabled (export CCACHE_DISABLE=1 to disable)
-- Could NOT find Java (missing: Java_JAVA_EXECUTABLE Java_JAR_EXECUTABLE Java_JAVAC_EXECUTABLE Java_JAVAH_EXECUTABLE Java_JAVADOC_EXECUTABLE) 
-- ROMFS: ROMFS/px4fmu_common
-- PX4 SITL .deb version: 1.18.0~alpha1-noble (arm64)
-- Configuring done (1.7s)
-- Generating done (0.6s)
-- Build files have been written to: /workspace/external/PX4-Autopilot/build/px4_sitl_raptor_sih
[1/32] Generating ../romfs_files.tar
[2/32] Generating Mavlink development: src/modules/mavlink/mavlink/message_definitions/v1.0/development.xml
[3/32] Generating px4 event json file from source
[4/32] Generating combined event json file
[5/32] Generating component_general.json and checksums.h
[6/32] ROMFS: copying, generating airframes
[7/32] Building CXX object src/modules/ekf2/CMakeFiles/modules__ekf2.dir/EKF2Selector.cpp.o
[8/32] Building C object src/modules/mavlink/CMakeFiles/modules__mavlink.dir/mavlink.c.o
[9/32] Building CXX object src/modules/mavlink/CMakeFiles/modules__mavlink.dir/mavlink_command_sender.cpp.o
[10/32] Building CXX object src/modules/logger/CMakeFiles/modules__logger.dir/logger.cpp.o
[11/32] Linking CXX static library src/modules/logger/libmodules__logger.a
[12/32] Building CXX object src/modules/mavlink/CMakeFiles/modules__mavlink.dir/mavlink_parameters.cpp.o
[13/32] Building CXX object src/modules/mavlink/CMakeFiles/modules__mavlink.dir/mavlink_stream.cpp.o
[14/32] Building CXX object src/modules/mavlink/CMakeFiles/modules__mavlink.dir/mavlink_log_handler.cpp.o
[15/32] ROMFS: copying extras
[16/32] Building CXX object src/modules/mavlink/CMakeFiles/modules__mavlink.dir/mavlink_events.cpp.o
[17/32] Building CXX object src/modules/mavlink/CMakeFiles/modules__mavlink.dir/mavlink_ftp.cpp.o
[18/32] Building CXX object src/modules/mavlink/CMakeFiles/modules__mavlink.dir/mavlink_timesync.cpp.o
[19/32] Building CXX object src/modules/mavlink/CMakeFiles/modules__mavlink.dir/mavlink_ulog.cpp.o
[20/32] Building CXX object src/modules/simulation/simulator_mavlink/CMakeFiles/modules__simulation__simulator_mavlink.dir/SimulatorMavlink.cpp.o
[21/32] Linking CXX static library src/modules/simulation/simulator_mavlink/libmodules__simulation__simulator_mavlink.a
[22/32] Building CXX object src/modules/mavlink/CMakeFiles/modules__mavlink.dir/mavlink_mission.cpp.o
[23/32] Building CXX object src/modules/mavlink/CMakeFiles/modules__mavlink.dir/open_drone_id_translations.cpp.o
[24/32] Building CXX object src/modules/mavlink/CMakeFiles/modules__mavlink.dir/mavlink_sign_control.cpp.o
[25/32] Building CXX object src/modules/ekf2/CMakeFiles/modules__ekf2.dir/EKF2.cpp.o
[26/32] Linking CXX static library src/modules/ekf2/libmodules__ekf2.a
[27/32] Building CXX object src/modules/mavlink/CMakeFiles/modules__mavlink.dir/MavlinkStatustextHandler.cpp.o
[28/32] Building CXX object src/modules/mavlink/CMakeFiles/modules__mavlink.dir/mavlink_main.cpp.o
[29/32] Building CXX object src/modules/mavlink/CMakeFiles/modules__mavlink.dir/mavlink_receiver.cpp.o
[30/32] Building CXX object src/modules/mavlink/CMakeFiles/modules__mavlink.dir/mavlink_messages.cpp.o
[31/32] Linking CXX static library src/modules/mavlink/libmodules__mavlink.a
[32/32] Linking CXX executable bin/px4
sihsim_quadx: phony
