# ROS 2 workspace setup
2026-06-23T18:09:58+00:00
ROS_DISTRO=jazzy
WS_DIR=/workspace/ros2_ws
PX4_MSGS_REF=main
Your branch is up to date with 'origin/main'.
Starting >>> px4_msgs
[Processing: px4_msgs]
[Processing: px4_msgs]
[Processing: px4_msgs]
[Processing: px4_msgs]
[Processing: px4_msgs]
[Processing: px4_msgs]
[Processing: px4_msgs]
[Processing: px4_msgs]
[Processing: px4_msgs]
[Processing: px4_msgs]
[Processing: px4_msgs]
[Processing: px4_msgs]
[Processing: px4_msgs]
[Processing: px4_msgs]
[Processing: px4_msgs]
[Processing: px4_msgs]
[Processing: px4_msgs]
[Processing: px4_msgs]
[Processing: px4_msgs]
[Processing: px4_msgs]
[Processing: px4_msgs]
[Processing: px4_msgs]
Finished <<< px4_msgs [11min 11s]

Summary: 1 package finished [11min 11s]
f7d9fcb65e2cdf4cf556f658bde55682403dcc8c
